# JRE version: Java(TM) SE Runtime Environment (8.0_101-b13) (build 1.8.0_101-b13)
# Java VM: Java HotSpot(TM) 64-Bit Server VM (25.101-b13 mixed mode windows-amd64 compressed oops)
Heap:
 PSYoungGen      total 37888K, used 11154K [0x00000000d6000000, 0x00000000d8a00000, 0x0000000100000000)
  eden space 32768K, 34% used [0x00000000d6000000,0x00000000d6ae49c0,0x00000000d8000000)
  from space 5120K, 0% used [0x00000000d8500000,0x00000000d8500000,0x00000000d8a00000)
  to   space 5120K, 0% used [0x00000000d8000000,0x00000000d8000000,0x00000000d8500000)
 ParOldGen       total 46592K, used 8619K [0x0000000082000000, 0x0000000084d80000, 0x00000000d6000000)
  object space 46592K, 18% used [0x0000000082000000,0x000000008286ae50,0x0000000084d80000)
 Metaspace       used 25256K, capacity 26472K, committed 26496K, reserved 1071104K
  class space    used 3696K, capacity 3960K, committed 3968K, reserved 1048576K
GC Heap History (6 events):
Event: 1.088 GC heap before
{Heap before GC invocations=1 (full 0):
 PSYoungGen      total 37888K, used 32768K [0x00000000d6000000, 0x00000000d8a00000, 0x0000000100000000)
  eden space 32768K, 100% used [0x00000000d6000000,0x00000000d8000000,0x00000000d8000000)
  from space 5120K, 0% used [0x00000000d8500000,0x00000000d8500000,0x00000000d8a00000)
  to   space 5120K, 0% used [0x00000000d8000000,0x00000000d8000000,0x00000000d8500000)
 ParOldGen       total 86016K, used 0K [0x0000000082000000, 0x0000000087400000, 0x00000000d6000000)
  object space 86016K, 0% used [0x0000000082000000,0x0000000082000000,0x0000000087400000)
 Metaspace       used 14766K, capacity 15440K, committed 15744K, reserved 1062912K
  class space    used 2155K, capacity 2355K, committed 2432K, reserved 1048576K
Event: 1.096 GC heap after
Heap after GC invocations=1 (full 0):
 PSYoungGen      total 37888K, used 4864K [0x00000000d6000000, 0x00000000d8a00000, 0x0000000100000000)
  eden space 32768K, 0% used [0x00000000d6000000,0x00000000d6000000,0x00000000d8000000)
  from space 5120K, 95% used [0x00000000d8000000,0x00000000d84c0050,0x00000000d8500000)
  to   space 5120K, 0% used [0x00000000d8500000,0x00000000d8500000,0x00000000d8a00000)
 ParOldGen       total 86016K, used 4112K [0x0000000082000000, 0x0000000087400000, 0x00000000d6000000)
  object space 86016K, 4% used [0x0000000082000000,0x0000000082404020,0x0000000087400000)
 Metaspace       used 14766K, capacity 15440K, committed 15744K, reserved 1062912K
  class space    used 2155K, capacity 2355K, committed 2432K, reserved 1048576K
}
Event: 9.825 GC heap before
{Heap before GC invocations=2 (full 0):
 PSYoungGen      total 37888K, used 15423K [0x00000000d6000000, 0x00000000d8a00000, 0x0000000100000000)
  eden space 32768K, 32% used [0x00000000d6000000,0x00000000d6a4fdc8,0x00000000d8000000)
  from space 5120K, 95% used [0x00000000d8000000,0x00000000d84c0050,0x00000000d8500000)
  to   space 5120K, 0% used [0x00000000d8500000,0x00000000d8500000,0x00000000d8a00000)
 ParOldGen       total 86016K, used 4112K [0x0000000082000000, 0x0000000087400000, 0x00000000d6000000)
  object space 86016K, 4% used [0x0000000082000000,0x0000000082404020,0x0000000087400000)
 Metaspace       used 20349K, capacity 21234K, committed 21296K, reserved 1067008K
  class space    used 2948K, capacity 3169K, committed 3200K, reserved 1048576K
Event: 9.834 GC heap after
Heap after GC invocations=2 (full 0):
 PSYoungGen      total 37888K, used 5104K [0x00000000d6000000, 0x00000000d8a00000, 0x0000000100000000)
  eden space 32768K, 0% used [0x00000000d6000000,0x00000000d6000000,0x00000000d8000000)
  from space 5120K, 99% used [0x00000000d8500000,0x00000000d89fc040,0x00000000d8a00000)
  to   space 5120K, 0% used [0x00000000d8000000,0x00000000d8000000,0x00000000d8500000)
 ParOldGen       total 86016K, used 5654K [0x0000000082000000, 0x0000000087400000, 0x00000000d6000000)
  object space 86016K, 6% used [0x0000000082000000,0x0000000082585bb8,0x0000000087400000)
 Metaspace       used 20349K, capacity 21234K, committed 21296K, reserved 1067008K
  class space    used 2948K, capacity 3169K, committed 3200K, reserved 1048576K
}
Event: 9.834 GC heap before
{Heap before GC invocations=3 (full 1):
 PSYoungGen      total 37888K, used 5104K [0x00000000d6000000, 0x00000000d8a00000, 0x0000000100000000)
  eden space 32768K, 0% used [0x00000000d6000000,0x00000000d6000000,0x00000000d8000000)
  from space 5120K, 99% used [0x00000000d8500000,0x00000000d89fc040,0x00000000d8a00000)
  to   space 5120K, 0% used [0x00000000d8000000,0x00000000d8000000,0x00000000d8500000)
 ParOldGen       total 86016K, used 5654K [0x0000000082000000, 0x0000000087400000, 0x00000000d6000000)
  object space 86016K, 6% used [0x0000000082000000,0x0000000082585bb8,0x0000000087400000)
 Metaspace       used 20349K, capacity 21234K, committed 21296K, reserved 1067008K
  class space    used 2948K, capacity 3169K, committed 3200K, reserved 1048576K
Event: 9.870 GC heap after
Heap after GC invocations=3 (full 1):
 PSYoungGen      total 37888K, used 0K [0x00000000d6000000, 0x00000000d8a00000, 0x0000000100000000)
  eden space 32768K, 0% used [0x00000000d6000000,0x00000000d6000000,0x00000000d8000000)
  from space 5120K, 0% used [0x00000000d8500000,0x00000000d8500000,0x00000000d8a00000)
  to   space 5120K, 0% used [0x00000000d8000000,0x00000000d8000000,0x00000000d8500000)
 ParOldGen       total 46592K, used 8619K [0x0000000082000000, 0x0000000084d80000, 0x00000000d6000000)
  object space 46592K, 18% used [0x0000000082000000,0x000000008286ae50,0x0000000084d80000)
 Metaspace       used 20349K, capacity 21234K, committed 21296K, reserved 1067008K
  class space    used 2948K, capacity 3169K, committed 3200K, reserved 1048576K
}

